\BOOKMARK [1][-]{section.1}{\376\377\000I\000n\000t\000r\000o\000d\000u\000\347\000\343\000o}{}% 1
\BOOKMARK [1][-]{section.2}{\376\377\000P\000a\000r\000t\000e\000\040\000I\000:\000\040\000M\000a\000n\000i\000p\000u\000l\000a\000\347\000\343\000o\000\040\000B\000\341\000s\000i\000c\000a\000\040\000d\000e\000\040\000I\000m\000a\000g\000e\000n\000s\000\040\000c\000o\000m\000\040\000O\000p\000e\000n\000C\000V}{}% 2
\BOOKMARK [2][-]{subsection.2.1}{\376\377\000P\000r\000o\000g\000r\000a\000m\000a\000\040\000e\000x\000t\000r\000a\000c\000t\000\137\000c\000h\000a\000n\000n\000e\000l}{section.2}% 3
\BOOKMARK [3][-]{subsubsection.2.1.1}{\376\377\000F\000u\000n\000c\000i\000o\000n\000a\000l\000i\000d\000a\000d\000e\000\040\000e\000\040\000U\000t\000i\000l\000i\000z\000a\000\347\000\343\000o}{subsection.2.1}% 4
\BOOKMARK [2][-]{subsection.2.2}{\376\377\000P\000r\000o\000g\000r\000a\000m\000a\000\040\000i\000m\000a\000g\000e\000\137\000o\000p\000e\000r\000a\000t\000i\000o\000n\000s}{section.2}% 5
\BOOKMARK [3][-]{subsubsection.2.2.1}{\376\377\000N\000e\000g\000a\000t\000i\000v\000o\000\040\000d\000a\000\040\000I\000m\000a\000g\000e\000m\000\040\000\050\000i\000m\000a\000g\000e\000\137\000n\000e\000g\000a\000t\000i\000v\000e\000\051}{subsection.2.2}% 6
\BOOKMARK [3][-]{subsubsection.2.2.2}{\376\377\000E\000s\000p\000e\000l\000h\000a\000m\000e\000n\000t\000o\000\040\000d\000a\000\040\000I\000m\000a\000g\000e\000m\000\040\000\050\000i\000m\000a\000g\000e\000\137\000m\000i\000r\000r\000o\000r\000\051}{subsection.2.2}% 7
\BOOKMARK [3][-]{subsubsection.2.2.3}{\376\377\000R\000o\000t\000a\000\347\000\343\000o\000\040\000d\000a\000\040\000I\000m\000a\000g\000e\000m\000\040\000\050\000i\000m\000a\000g\000e\000\137\000r\000o\000t\000a\000t\000e\000\051}{subsection.2.2}% 8
\BOOKMARK [3][-]{subsubsection.2.2.4}{\376\377\000A\000j\000u\000s\000t\000e\000\040\000d\000e\000\040\000I\000n\000t\000e\000n\000s\000i\000d\000a\000d\000e\000\040\000\050\000i\000m\000a\000g\000e\000\137\000i\000n\000t\000e\000n\000s\000i\000t\000y\000\051}{subsection.2.2}% 9
\BOOKMARK [1][-]{section.3}{\376\377\000P\000a\000r\000t\000e\000\040\000I\000I\000:\000\040\000C\000l\000a\000s\000s\000e\000\040\000d\000e\000\040\000C\000o\000d\000i\000f\000i\000c\000a\000\347\000\343\000o\000\040\000G\000o\000l\000o\000m\000b}{}% 10
\BOOKMARK [2][-]{subsection.3.1}{\376\377\000P\000r\000i\000n\000c\000\355\000p\000i\000o\000\040\000d\000e\000\040\000C\000o\000d\000i\000f\000i\000c\000a\000\347\000\343\000o\000\040\000G\000o\000l\000o\000m\000b}{section.3}% 11
\BOOKMARK [3][-]{subsubsection.3.1.1}{\376\377\000A\000\040\000f\000o\000r\000m\000a\000\040\000c\000o\000m\000o\000\040\000o\000\040\000r\000e\000s\000t\000o\000\040\000r\000\040\000\351\000\040\000c\000o\000d\000i\000f\000i\000c\000a\000d\000o\000\040\000d\000e\000p\000e\000n\000d\000e\000\040\000d\000o\000\040\000v\000a\000l\000o\000r\000\040\000d\000e\000\040\000m\000:}{subsection.3.1}% 12
\BOOKMARK [2][-]{subsection.3.2}{\376\377\000T\000r\000a\000t\000a\000m\000e\000n\000t\000o\000\040\000d\000e\000\040\000N\000\372\000m\000e\000r\000o\000s\000\040\000N\000e\000g\000a\000t\000i\000v\000o\000s}{section.3}% 13
\BOOKMARK [2][-]{subsection.3.3}{\376\377\000I\000n\000t\000e\000r\000f\000a\000c\000e\000\040\000d\000a\000\040\000C\000l\000a\000s\000s\000e\000\040\000I\000m\000p\000l\000e\000m\000e\000n\000t\000a\000d\000a}{section.3}% 14
\BOOKMARK [1][-]{section.4}{\376\377\000P\000a\000r\000t\000e\000\040\000I\000I\000I\000:\000\040\000C\000o\000d\000e\000c\000\040\000\301\000u\000d\000i\000o\000\040\000L\000o\000s\000s\000l\000e\000s\000s}{}% 15
\BOOKMARK [2][-]{subsection.4.1}{\376\377\000C\000o\000d\000i\000f\000i\000c\000a\000d\000o\000r\000\040\000a\000u\000d\000i\000o\000\137\000e\000n\000c\000o\000d\000e\000r}{section.4}% 16
\BOOKMARK [3][-]{subsubsection.4.1.1}{\376\377\000A\000l\000g\000o\000r\000i\000t\000m\000o\000\040\000d\000e\000\040\000C\000o\000d\000i\000f\000i\000c\000a\000\347\000\343\000o}{subsection.4.1}% 17
\BOOKMARK [3][-]{subsubsection.4.1.2}{\376\377\000D\000e\000t\000e\000r\000m\000i\000n\000a\000\347\000\343\000o\000\040\000A\000d\000a\000p\000t\000a\000t\000i\000v\000a\000\040\000d\000o\000\040\000P\000a\000r\000\342\000m\000e\000t\000r\000o\000\040\000m}{subsection.4.1}% 18
\BOOKMARK [3][-]{subsubsection.4.1.3}{\376\377\000S\000i\000n\000t\000a\000x\000e\000\040\000e\000\040\000E\000x\000e\000m\000p\000l\000o\000s}{subsection.4.1}% 19
\BOOKMARK [2][-]{subsection.4.2}{\376\377\000D\000e\000s\000c\000o\000d\000i\000f\000i\000c\000a\000d\000o\000r\000\040\000a\000u\000d\000i\000o\000\137\000d\000e\000c\000o\000d\000e\000r}{section.4}% 20
\BOOKMARK [3][-]{subsubsection.4.2.1}{\376\377\000G\000a\000r\000a\000n\000t\000i\000a\000\040\000d\000e\000\040\000R\000e\000c\000o\000n\000s\000t\000r\000u\000\347\000\343\000o\000\040\000L\000o\000s\000s\000l\000e\000s\000s}{subsection.4.2}% 21
\BOOKMARK [2][-]{subsection.4.3}{\376\377\000A\000n\000\341\000l\000i\000s\000e\000\040\000d\000e\000\040\000D\000e\000s\000e\000m\000p\000e\000n\000h\000o\000\040\000e\000\040\000C\000o\000m\000p\000r\000e\000s\000s\000\343\000o}{section.4}% 22
\BOOKMARK [3][-]{subsubsection.4.3.1}{\376\377\000V\000e\000r\000i\000f\000i\000c\000a\000\347\000\343\000o\000\040\000L\000o\000s\000s\000l\000e\000s\000s}{subsection.4.3}% 23
\BOOKMARK [3][-]{subsubsection.4.3.2}{\376\377\000R\000e\000s\000u\000l\000t\000a\000d\000o\000s\000\040\000C\000o\000m\000p\000a\000r\000a\000t\000i\000v\000o\000s}{subsection.4.3}% 24
\BOOKMARK [3][-]{subsubsection.4.3.3}{\376\377\000D\000i\000s\000c\000u\000s\000s\000\343\000o}{subsection.4.3}% 25
\BOOKMARK [1][-]{section.5}{\376\377\000P\000a\000r\000t\000e\000\040\000I\000V\000:\000\040\000C\000o\000d\000e\000c\000\040\000I\000m\000a\000g\000e\000m\000\040\000L\000o\000s\000s\000l\000e\000s\000s\000\040\000\050\000G\000r\000a\000y\000s\000c\000a\000l\000e\000\051}{}% 26
\BOOKMARK [2][-]{subsection.5.1}{\376\377\000A\000r\000q\000u\000i\000t\000e\000t\000u\000r\000a\000\040\000d\000o\000\040\000C\000o\000d\000e\000c\000\040\000\050\000i\000m\000a\000g\000e\000\137\000e\000n\000c\000o\000d\000e\000r\000\040\000/\000\040\000i\000m\000a\000g\000e\000\137\000d\000e\000c\000o\000d\000e\000r\000\051}{section.5}% 27
\BOOKMARK [3][-]{subsubsection.5.1.1}{\376\377\000A\000l\000g\000o\000r\000i\000t\000m\000o\000\040\000d\000e\000\040\000C\000o\000d\000i\000f\000i\000c\000a\000\347\000\343\000o}{subsection.5.1}% 28
\BOOKMARK [3][-]{subsubsection.5.1.2}{\376\377\000A\000l\000g\000o\000r\000i\000t\000m\000o\000\040\000d\000e\000\040\000D\000e\000s\000c\000o\000d\000i\000f\000i\000c\000a\000\347\000\343\000o}{subsection.5.1}% 29
\BOOKMARK [3][-]{subsubsection.5.1.3}{\376\377\000S\000i\000n\000t\000a\000x\000e\000\040\000e\000\040\000E\000x\000e\000m\000p\000l\000o\000s}{subsection.5.1}% 30
\BOOKMARK [2][-]{subsection.5.2}{\376\377\000D\000e\000s\000c\000o\000d\000i\000f\000i\000c\000a\000d\000o\000r\000\040\000i\000m\000a\000g\000e\000\137\000d\000e\000c\000o\000d\000e\000r}{section.5}% 31
\BOOKMARK [2][-]{subsection.5.3}{\376\377\000A\000n\000\341\000l\000i\000s\000e\000\040\000d\000e\000\040\000D\000e\000s\000e\000m\000p\000e\000n\000h\000o\000\040\000e\000\040\000C\000o\000m\000p\000r\000e\000s\000s\000\343\000o}{section.5}% 32
\BOOKMARK [3][-]{subsubsection.5.3.1}{\376\377\000A\000n\000\341\000l\000i\000s\000e\000\040\000d\000o\000s\000\040\000R\000e\000s\000u\000l\000t\000a\000d\000o\000s}{subsection.5.3}% 33
\BOOKMARK [2][-]{subsection.5.4}{\376\377\000C\000o\000m\000p\000a\000r\000a\000\347\000\343\000o\000\040\000c\000o\000m\000\040\000S\000t\000a\000n\000d\000a\000r\000d\000s\000\040\000d\000e\000\040\000C\000o\000m\000p\000r\000e\000s\000s\000\343\000o\000\040\000L\000o\000s\000s\000l\000e\000s\000s}{section.5}% 34
\BOOKMARK [3][-]{subsubsection.5.4.1}{\376\377\000D\000i\000s\000c\000u\000s\000s\000\343\000o\000\040\000d\000o\000s\000\040\000R\000e\000s\000u\000l\000t\000a\000d\000o\000s}{subsection.5.4}% 35
\BOOKMARK [1][-]{section.6}{\376\377\000C\000o\000n\000c\000l\000u\000s\000\365\000e\000s}{}% 36
