Analysis & Synthesis report for ContadorDemo
Mon May 15 18:45:01 2023
Quartus Prime Version 20.1.1 Build 720 11/11/2020 SJ Lite Edition


---------------------
; Table of Contents ;
---------------------
  1. Legal Notice
  2. Analysis & Synthesis Summary
  3. Analysis & Synthesis Settings
  4. Parallel Compilation
  5. Analysis & Synthesis Source Files Read
  6. Analysis & Synthesis Resource Usage Summary
  7. Analysis & Synthesis Resource Utilization by Entity
  8. General Register Statistics
  9. Inverted Register Statistics
 10. Multiplexer Restructuring Statistics (Restructuring Performed)
 11. Parameter Settings for User Entity Instance: DebounceUnit:debounce_KEY0
 12. Parameter Settings for User Entity Instance: TimerN:TimerN
 13. Parameter Settings for Inferred Entity Instance: lpm_divide:Mod0
 14. Parameter Settings for Inferred Entity Instance: lpm_divide:Div0
 15. Post-Synthesis Netlist Statistics for Top Partition
 16. Elapsed Time Per Partition
 17. Analysis & Synthesis Messages



----------------
; Legal Notice ;
----------------
Copyright (C) 2020  Intel Corporation. All rights reserved.
Your use of Intel Corporation's design tools, logic functions 
and other software and tools, and any partner logic 
functions, and any output files from any of the foregoing 
(including device programming or simulation files), and any 
associated documentation or information are expressly subject 
to the terms and conditions of the Intel Program License 
Subscription Agreement, the Intel Quartus Prime License Agreement,
the Intel FPGA IP License Agreement, or other applicable license
agreement, including, without limitation, that your use is for
the sole purpose of programming logic devices manufactured by
Intel and sold by Intel or its authorized distributors.  Please
refer to the applicable agreement for further details, at
https://fpgasoftware.intel.com/eula.



+----------------------------------------------------------------------------------+
; Analysis & Synthesis Summary                                                     ;
+------------------------------------+---------------------------------------------+
; Analysis & Synthesis Status        ; Successful - Mon May 15 18:45:01 2023       ;
; Quartus Prime Version              ; 20.1.1 Build 720 11/11/2020 SJ Lite Edition ;
; Revision Name                      ; ContadorDemo                                ;
; Top-level Entity Name              ; ContadorDemo                                ;
; Family                             ; Cyclone IV E                                ;
; Total logic elements               ; 90                                          ;
;     Total combinational functions  ; 89                                          ;
;     Dedicated logic registers      ; 31                                          ;
; Total registers                    ; 31                                          ;
; Total pins                         ; 17                                          ;
; Total virtual pins                 ; 0                                           ;
; Total memory bits                  ; 0                                           ;
; Embedded Multiplier 9-bit elements ; 0                                           ;
; Total PLLs                         ; 0                                           ;
+------------------------------------+---------------------------------------------+


+------------------------------------------------------------------------------------------------------------+
; Analysis & Synthesis Settings                                                                              ;
+------------------------------------------------------------------+--------------------+--------------------+
; Option                                                           ; Setting            ; Default Value      ;
+------------------------------------------------------------------+--------------------+--------------------+
; Device                                                           ; EP4CE115F29C7      ;                    ;
; Top-level entity name                                            ; ContadorDemo       ; ContadorDemo       ;
; Family name                                                      ; Cyclone IV E       ; Cyclone V          ;
; Use smart compilation                                            ; Off                ; Off                ;
; Enable parallel Assembler and Timing Analyzer during compilation ; On                 ; On                 ;
; Enable compact report table                                      ; Off                ; Off                ;
; Restructure Multiplexers                                         ; Auto               ; Auto               ;
; Create Debugging Nodes for IP Cores                              ; Off                ; Off                ;
; Preserve fewer node names                                        ; On                 ; On                 ;
; Intel FPGA IP Evaluation Mode                                    ; Enable             ; Enable             ;
; Verilog Version                                                  ; Verilog_2001       ; Verilog_2001       ;
; VHDL Version                                                     ; VHDL_1993          ; VHDL_1993          ;
; State Machine Processing                                         ; Auto               ; Auto               ;
; Safe State Machine                                               ; Off                ; Off                ;
; Extract Verilog State Machines                                   ; On                 ; On                 ;
; Extract VHDL State Machines                                      ; On                 ; On                 ;
; Ignore Verilog initial constructs                                ; Off                ; Off                ;
; Iteration limit for constant Verilog loops                       ; 5000               ; 5000               ;
; Iteration limit for non-constant Verilog loops                   ; 250                ; 250                ;
; Add Pass-Through Logic to Inferred RAMs                          ; On                 ; On                 ;
; Infer RAMs from Raw Logic                                        ; On                 ; On                 ;
; Parallel Synthesis                                               ; On                 ; On                 ;
; DSP Block Balancing                                              ; Auto               ; Auto               ;
; NOT Gate Push-Back                                               ; On                 ; On                 ;
; Power-Up Don't Care                                              ; On                 ; On                 ;
; Remove Redundant Logic Cells                                     ; Off                ; Off                ;
; Remove Duplicate Registers                                       ; On                 ; On                 ;
; Ignore CARRY Buffers                                             ; Off                ; Off                ;
; Ignore CASCADE Buffers                                           ; Off                ; Off                ;
; Ignore GLOBAL Buffers                                            ; Off                ; Off                ;
; Ignore ROW GLOBAL Buffers                                        ; Off                ; Off                ;
; Ignore LCELL Buffers                                             ; Off                ; Off                ;
; Ignore SOFT Buffers                                              ; On                 ; On                 ;
; Limit AHDL Integers to 32 Bits                                   ; Off                ; Off                ;
; Optimization Technique                                           ; Balanced           ; Balanced           ;
; Carry Chain Length                                               ; 70                 ; 70                 ;
; Auto Carry Chains                                                ; On                 ; On                 ;
; Auto Open-Drain Pins                                             ; On                 ; On                 ;
; Perform WYSIWYG Primitive Resynthesis                            ; Off                ; Off                ;
; Auto ROM Replacement                                             ; On                 ; On                 ;
; Auto RAM Replacement                                             ; On                 ; On                 ;
; Auto DSP Block Replacement                                       ; On                 ; On                 ;
; Auto Shift Register Replacement                                  ; Auto               ; Auto               ;
; Allow Shift Register Merging across Hierarchies                  ; Auto               ; Auto               ;
; Auto Clock Enable Replacement                                    ; On                 ; On                 ;
; Strict RAM Replacement                                           ; Off                ; Off                ;
; Allow Synchronous Control Signals                                ; On                 ; On                 ;
; Force Use of Synchronous Clear Signals                           ; Off                ; Off                ;
; Auto RAM Block Balancing                                         ; On                 ; On                 ;
; Auto RAM to Logic Cell Conversion                                ; Off                ; Off                ;
; Auto Resource Sharing                                            ; Off                ; Off                ;
; Allow Any RAM Size For Recognition                               ; Off                ; Off                ;
; Allow Any ROM Size For Recognition                               ; Off                ; Off                ;
; Allow Any Shift Register Size For Recognition                    ; Off                ; Off                ;
; Use LogicLock Constraints during Resource Balancing              ; On                 ; On                 ;
; Ignore translate_off and synthesis_off directives                ; Off                ; Off                ;
; Timing-Driven Synthesis                                          ; On                 ; On                 ;
; Report Parameter Settings                                        ; On                 ; On                 ;
; Report Source Assignments                                        ; On                 ; On                 ;
; Report Connectivity Checks                                       ; On                 ; On                 ;
; Ignore Maximum Fan-Out Assignments                               ; Off                ; Off                ;
; Synchronization Register Chain Length                            ; 2                  ; 2                  ;
; Power Optimization During Synthesis                              ; Normal compilation ; Normal compilation ;
; HDL message level                                                ; Level2             ; Level2             ;
; Suppress Register Optimization Related Messages                  ; Off                ; Off                ;
; Number of Removed Registers Reported in Synthesis Report         ; 5000               ; 5000               ;
; Number of Swept Nodes Reported in Synthesis Report               ; 5000               ; 5000               ;
; Number of Inverted Registers Reported in Synthesis Report        ; 100                ; 100                ;
; Clock MUX Protection                                             ; On                 ; On                 ;
; Auto Gated Clock Conversion                                      ; Off                ; Off                ;
; Block Design Naming                                              ; Auto               ; Auto               ;
; SDC constraint protection                                        ; Off                ; Off                ;
; Synthesis Effort                                                 ; Auto               ; Auto               ;
; Shift Register Replacement - Allow Asynchronous Clear Signal     ; On                 ; On                 ;
; Pre-Mapping Resynthesis Optimization                             ; Off                ; Off                ;
; Analysis & Synthesis Message Level                               ; Medium             ; Medium             ;
; Disable Register Merging Across Hierarchies                      ; Auto               ; Auto               ;
; Resource Aware Inference For Block RAM                           ; On                 ; On                 ;
+------------------------------------------------------------------+--------------------+--------------------+


+------------------------------------------+
; Parallel Compilation                     ;
+----------------------------+-------------+
; Processors                 ; Number      ;
+----------------------------+-------------+
; Number detected on machine ; 12          ;
; Maximum allowed            ; 12          ;
;                            ;             ;
; Average used               ; 1.00        ;
; Maximum used               ; 12          ;
;                            ;             ;
; Usage by Processor         ; % Time Used ;
;     Processor 1            ; 100.0%      ;
;     Processors 2-12        ;   0.0%      ;
+----------------------------+-------------+


+-------------------------------------------------------------------------------------------------------------------------------------------------------------------------------------------------+
; Analysis & Synthesis Source Files Read                                                                                                                                                          ;
+----------------------------------+-----------------+------------------------------+---------------------------------------------------------------------------------------------------+---------+
; File Name with User-Entered Path ; Used in Netlist ; File Type                    ; File Name with Absolute Path                                                                      ; Library ;
+----------------------------------+-----------------+------------------------------+---------------------------------------------------------------------------------------------------+---------+
; ContadorDemo.vhd                 ; yes             ; User VHDL File               ; C:/Users/pedro/OneDrive/Documentos/UA/1 ano/2 semestre/LSD/Miniprojeto/ContadorDemo.vhd           ;         ;
; Bin7SegDecoder.vhd               ; yes             ; User VHDL File               ; C:/Users/pedro/OneDrive/Documentos/UA/1 ano/2 semestre/LSD/Miniprojeto/Bin7SegDecoder.vhd         ;         ;
; TimerN.vhd                       ; yes             ; User VHDL File               ; C:/Users/pedro/OneDrive/Documentos/UA/1 ano/2 semestre/LSD/Miniprojeto/TimerN.vhd                 ;         ;
; DebounceUnit.vhd                 ; yes             ; User VHDL File               ; C:/Users/pedro/OneDrive/Documentos/UA/1 ano/2 semestre/LSD/Miniprojeto/DebounceUnit.vhd           ;         ;
; lpm_divide.tdf                   ; yes             ; Megafunction                 ; c:/intelfpga_lite/20.1/quartus/libraries/megafunctions/lpm_divide.tdf                             ;         ;
; abs_divider.inc                  ; yes             ; Megafunction                 ; c:/intelfpga_lite/20.1/quartus/libraries/megafunctions/abs_divider.inc                            ;         ;
; sign_div_unsign.inc              ; yes             ; Megafunction                 ; c:/intelfpga_lite/20.1/quartus/libraries/megafunctions/sign_div_unsign.inc                        ;         ;
; aglobal201.inc                   ; yes             ; Megafunction                 ; c:/intelfpga_lite/20.1/quartus/libraries/megafunctions/aglobal201.inc                             ;         ;
; db/lpm_divide_i9m.tdf            ; yes             ; Auto-Generated Megafunction  ; C:/Users/pedro/OneDrive/Documentos/UA/1 ano/2 semestre/LSD/Miniprojeto/db/lpm_divide_i9m.tdf      ;         ;
; db/sign_div_unsign_7kh.tdf       ; yes             ; Auto-Generated Megafunction  ; C:/Users/pedro/OneDrive/Documentos/UA/1 ano/2 semestre/LSD/Miniprojeto/db/sign_div_unsign_7kh.tdf ;         ;
; db/alt_u_div_24f.tdf             ; yes             ; Auto-Generated Megafunction  ; C:/Users/pedro/OneDrive/Documentos/UA/1 ano/2 semestre/LSD/Miniprojeto/db/alt_u_div_24f.tdf       ;         ;
; db/add_sub_7pc.tdf               ; yes             ; Auto-Generated Megafunction  ; C:/Users/pedro/OneDrive/Documentos/UA/1 ano/2 semestre/LSD/Miniprojeto/db/add_sub_7pc.tdf         ;         ;
; db/add_sub_8pc.tdf               ; yes             ; Auto-Generated Megafunction  ; C:/Users/pedro/OneDrive/Documentos/UA/1 ano/2 semestre/LSD/Miniprojeto/db/add_sub_8pc.tdf         ;         ;
; db/lpm_divide_fhm.tdf            ; yes             ; Auto-Generated Megafunction  ; C:/Users/pedro/OneDrive/Documentos/UA/1 ano/2 semestre/LSD/Miniprojeto/db/lpm_divide_fhm.tdf      ;         ;
+----------------------------------+-----------------+------------------------------+---------------------------------------------------------------------------------------------------+---------+


+--------------------------------------------------------------+
; Analysis & Synthesis Resource Usage Summary                  ;
+---------------------------------------------+----------------+
; Resource                                    ; Usage          ;
+---------------------------------------------+----------------+
; Estimated Total logic elements              ; 90             ;
;                                             ;                ;
; Total combinational functions               ; 89             ;
; Logic element usage by number of LUT inputs ;                ;
;     -- 4 input functions                    ; 32             ;
;     -- 3 input functions                    ; 24             ;
;     -- <=2 input functions                  ; 33             ;
;                                             ;                ;
; Logic elements by mode                      ;                ;
;     -- normal mode                          ; 64             ;
;     -- arithmetic mode                      ; 25             ;
;                                             ;                ;
; Total registers                             ; 31             ;
;     -- Dedicated logic registers            ; 31             ;
;     -- I/O registers                        ; 0              ;
;                                             ;                ;
; I/O pins                                    ; 17             ;
;                                             ;                ;
; Embedded Multiplier 9-bit elements          ; 0              ;
;                                             ;                ;
; Maximum fan-out node                        ; CLOCK_50~input ;
; Maximum fan-out                             ; 30             ;
; Total fan-out                               ; 373            ;
; Average fan-out                             ; 2.42           ;
+---------------------------------------------+----------------+


+--------------------------------------------------------------------------------------------------------------------------------------------------------------------------------------------------------------------------------------------------------------------------------------------------------------------------+
; Analysis & Synthesis Resource Utilization by Entity                                                                                                                                                                                                                                                                      ;
+------------------------------------------+---------------------+---------------------------+-------------+--------------+---------+-----------+------+--------------+---------------------------------------------------------------------------------------------------------------+---------------------+--------------+
; Compilation Hierarchy Node               ; Combinational ALUTs ; Dedicated Logic Registers ; Memory Bits ; DSP Elements ; DSP 9x9 ; DSP 18x18 ; Pins ; Virtual Pins ; Full Hierarchy Name                                                                                           ; Entity Name         ; Library Name ;
+------------------------------------------+---------------------+---------------------------+-------------+--------------+---------+-----------+------+--------------+---------------------------------------------------------------------------------------------------------------+---------------------+--------------+
; |ContadorDemo                            ; 89 (1)              ; 31 (1)                    ; 0           ; 0            ; 0       ; 0         ; 17   ; 0            ; |ContadorDemo                                                                                                 ; ContadorDemo        ; work         ;
;    |Bin7SegDecoder:bin7segdecoder_inst0| ; 1 (1)               ; 0 (0)                     ; 0           ; 0            ; 0       ; 0         ; 0    ; 0            ; |ContadorDemo|Bin7SegDecoder:bin7segdecoder_inst0                                                             ; Bin7SegDecoder      ; work         ;
;    |Bin7SegDecoder:bin7segdecoder_inst1| ; 7 (7)               ; 0 (0)                     ; 0           ; 0            ; 0       ; 0         ; 0    ; 0            ; |ContadorDemo|Bin7SegDecoder:bin7segdecoder_inst1                                                             ; Bin7SegDecoder      ; work         ;
;    |DebounceUnit:debounce_KEY0|          ; 68 (68)             ; 26 (26)                   ; 0           ; 0            ; 0       ; 0         ; 0    ; 0            ; |ContadorDemo|DebounceUnit:debounce_KEY0                                                                      ; DebounceUnit        ; work         ;
;    |TimerN:TimerN|                       ; 5 (5)               ; 4 (4)                     ; 0           ; 0            ; 0       ; 0         ; 0    ; 0            ; |ContadorDemo|TimerN:TimerN                                                                                   ; TimerN              ; work         ;
;    |lpm_divide:Mod0|                     ; 7 (0)               ; 0 (0)                     ; 0           ; 0            ; 0       ; 0         ; 0    ; 0            ; |ContadorDemo|lpm_divide:Mod0                                                                                 ; lpm_divide          ; work         ;
;       |lpm_divide_i9m:auto_generated|    ; 7 (0)               ; 0 (0)                     ; 0           ; 0            ; 0       ; 0         ; 0    ; 0            ; |ContadorDemo|lpm_divide:Mod0|lpm_divide_i9m:auto_generated                                                   ; lpm_divide_i9m      ; work         ;
;          |sign_div_unsign_7kh:divider|   ; 7 (0)               ; 0 (0)                     ; 0           ; 0            ; 0       ; 0         ; 0    ; 0            ; |ContadorDemo|lpm_divide:Mod0|lpm_divide_i9m:auto_generated|sign_div_unsign_7kh:divider                       ; sign_div_unsign_7kh ; work         ;
;             |alt_u_div_24f:divider|      ; 7 (7)               ; 0 (0)                     ; 0           ; 0            ; 0       ; 0         ; 0    ; 0            ; |ContadorDemo|lpm_divide:Mod0|lpm_divide_i9m:auto_generated|sign_div_unsign_7kh:divider|alt_u_div_24f:divider ; alt_u_div_24f       ; work         ;
+------------------------------------------+---------------------+---------------------------+-------------+--------------+---------+-----------+------+--------------+---------------------------------------------------------------------------------------------------------------+---------------------+--------------+
Note: For table entries with two numbers listed, the numbers in parentheses indicate the number of resources of the given type used by the specific entity alone. The numbers listed outside of parentheses indicate the total resources of the given type used by the specific entity and all of its sub-entities in the hierarchy.


+------------------------------------------------------+
; General Register Statistics                          ;
+----------------------------------------------+-------+
; Statistic                                    ; Value ;
+----------------------------------------------+-------+
; Total registers                              ; 31    ;
; Number of registers using Synchronous Clear  ; 0     ;
; Number of registers using Synchronous Load   ; 0     ;
; Number of registers using Asynchronous Clear ; 4     ;
; Number of registers using Asynchronous Load  ; 0     ;
; Number of registers using Clock Enable       ; 18    ;
; Number of registers using Preset             ; 0     ;
+----------------------------------------------+-------+


+--------------------------------------------------+
; Inverted Register Statistics                     ;
+----------------------------------------+---------+
; Inverted Register                      ; Fan out ;
+----------------------------------------+---------+
; s_enable                               ; 5       ;
; Total number of inverted registers = 1 ;         ;
+----------------------------------------+---------+


+-----------------------------------------------------------------------------------------------------------------------------------------------------------------------------+
; Multiplexer Restructuring Statistics (Restructuring Performed)                                                                                                              ;
+--------------------+-----------+---------------+----------------------+------------------------+------------+---------------------------------------------------------------+
; Multiplexer Inputs ; Bus Width ; Baseline Area ; Area if Restructured ; Saving if Restructured ; Registered ; Example Multiplexer Output                                    ;
+--------------------+-----------+---------------+----------------------+------------------------+------------+---------------------------------------------------------------+
; 5:1                ; 23 bits   ; 69 LEs        ; 46 LEs               ; 23 LEs                 ; Yes        ; |ContadorDemo|DebounceUnit:debounce_KEY0|s_debounceCnt[14]    ;
; 4:1                ; 3 bits    ; 6 LEs         ; 3 LEs                ; 3 LEs                  ; No         ; |ContadorDemo|Bin7SegDecoder:bin7segdecoder_inst0|decOut_n[4] ;
; 16:1               ; 2 bits    ; 20 LEs        ; 16 LEs               ; 4 LEs                  ; No         ; |ContadorDemo|Bin7SegDecoder:bin7segdecoder_inst1|decOut_n[6] ;
+--------------------+-----------+---------------+----------------------+------------------------+------------+---------------------------------------------------------------+


+-------------------------------------------------------------------------+
; Parameter Settings for User Entity Instance: DebounceUnit:debounce_KEY0 ;
+----------------+-------+------------------------------------------------+
; Parameter Name ; Value ; Type                                           ;
+----------------+-------+------------------------------------------------+
; khzclkfreq     ; 50000 ; Signed Integer                                 ;
; msecmininwidth ; 100   ; Signed Integer                                 ;
; inpolarity     ; '0'   ; Enumerated                                     ;
; outpolarity    ; '1'   ; Enumerated                                     ;
+----------------+-------+------------------------------------------------+
Note: In order to hide this table in the UI and the text report file, please set the "Show Parameter Settings in Synthesis Report" option in "Analysis and Synthesis Settings -> More Settings" to "Off".


+------------------------------------------------------------+
; Parameter Settings for User Entity Instance: TimerN:TimerN ;
+----------------+-------+-----------------------------------+
; Parameter Name ; Value ; Type                              ;
+----------------+-------+-----------------------------------+
; N              ; 15    ; Signed Integer                    ;
+----------------+-------+-----------------------------------+
Note: In order to hide this table in the UI and the text report file, please set the "Show Parameter Settings in Synthesis Report" option in "Analysis and Synthesis Settings -> More Settings" to "Off".


+------------------------------------------------------------------+
; Parameter Settings for Inferred Entity Instance: lpm_divide:Mod0 ;
+------------------------+----------------+------------------------+
; Parameter Name         ; Value          ; Type                   ;
+------------------------+----------------+------------------------+
; LPM_WIDTHN             ; 4              ; Untyped                ;
; LPM_WIDTHD             ; 4              ; Untyped                ;
; LPM_NREPRESENTATION    ; UNSIGNED       ; Untyped                ;
; LPM_DREPRESENTATION    ; UNSIGNED       ; Untyped                ;
; LPM_PIPELINE           ; 0              ; Untyped                ;
; LPM_REMAINDERPOSITIVE  ; TRUE           ; Untyped                ;
; MAXIMIZE_SPEED         ; 5              ; Untyped                ;
; CBXI_PARAMETER         ; lpm_divide_i9m ; Untyped                ;
; CARRY_CHAIN            ; MANUAL         ; Untyped                ;
; OPTIMIZE_FOR_SPEED     ; 5              ; Untyped                ;
; AUTO_CARRY_CHAINS      ; ON             ; AUTO_CARRY             ;
; IGNORE_CARRY_BUFFERS   ; OFF            ; IGNORE_CARRY           ;
; AUTO_CASCADE_CHAINS    ; ON             ; AUTO_CASCADE           ;
; IGNORE_CASCADE_BUFFERS ; OFF            ; IGNORE_CASCADE         ;
+------------------------+----------------+------------------------+
Note: In order to hide this table in the UI and the text report file, please set the "Show Parameter Settings in Synthesis Report" option in "Analysis and Synthesis Settings -> More Settings" to "Off".


+------------------------------------------------------------------+
; Parameter Settings for Inferred Entity Instance: lpm_divide:Div0 ;
+------------------------+----------------+------------------------+
; Parameter Name         ; Value          ; Type                   ;
+------------------------+----------------+------------------------+
; LPM_WIDTHN             ; 4              ; Untyped                ;
; LPM_WIDTHD             ; 4              ; Untyped                ;
; LPM_NREPRESENTATION    ; UNSIGNED       ; Untyped                ;
; LPM_DREPRESENTATION    ; UNSIGNED       ; Untyped                ;
; LPM_PIPELINE           ; 0              ; Untyped                ;
; LPM_REMAINDERPOSITIVE  ; TRUE           ; Untyped                ;
; MAXIMIZE_SPEED         ; 5              ; Untyped                ;
; CBXI_PARAMETER         ; lpm_divide_fhm ; Untyped                ;
; CARRY_CHAIN            ; MANUAL         ; Untyped                ;
; OPTIMIZE_FOR_SPEED     ; 5              ; Untyped                ;
; AUTO_CARRY_CHAINS      ; ON             ; AUTO_CARRY             ;
; IGNORE_CARRY_BUFFERS   ; OFF            ; IGNORE_CARRY           ;
; AUTO_CASCADE_CHAINS    ; ON             ; AUTO_CASCADE           ;
; IGNORE_CASCADE_BUFFERS ; OFF            ; IGNORE_CASCADE         ;
+------------------------+----------------+------------------------+
Note: In order to hide this table in the UI and the text report file, please set the "Show Parameter Settings in Synthesis Report" option in "Analysis and Synthesis Settings -> More Settings" to "Off".


+-----------------------------------------------------+
; Post-Synthesis Netlist Statistics for Top Partition ;
+-----------------------+-----------------------------+
; Type                  ; Count                       ;
+-----------------------+-----------------------------+
; boundary_port         ; 17                          ;
; cycloneiii_ff         ; 31                          ;
;     CLR               ; 4                           ;
;     ENA               ; 18                          ;
;     plain             ; 9                           ;
; cycloneiii_lcell_comb ; 91                          ;
;     arith             ; 25                          ;
;         2 data inputs ; 25                          ;
;     normal            ; 66                          ;
;         0 data inputs ; 3                           ;
;         1 data inputs ; 3                           ;
;         2 data inputs ; 4                           ;
;         3 data inputs ; 24                          ;
;         4 data inputs ; 32                          ;
;                       ;                             ;
; Max LUT depth         ; 7.00                        ;
; Average LUT depth     ; 4.31                        ;
+-----------------------+-----------------------------+


+-------------------------------+
; Elapsed Time Per Partition    ;
+----------------+--------------+
; Partition Name ; Elapsed Time ;
+----------------+--------------+
; Top            ; 00:00:00     ;
+----------------+--------------+


+-------------------------------+
; Analysis & Synthesis Messages ;
+-------------------------------+
Info: *******************************************************************
Info: Running Quartus Prime Analysis & Synthesis
    Info: Version 20.1.1 Build 720 11/11/2020 SJ Lite Edition
    Info: Processing started: Mon May 15 18:44:54 2023
Info: Command: quartus_map --read_settings_files=on --write_settings_files=off ContadorDemo -c ContadorDemo
Warning (18236): Number of processors has not been specified which may cause overloading on shared machines.  Set the global assignment NUM_PARALLEL_PROCESSORS in your QSF to an appropriate value for best performance.
Info (20030): Parallel compilation is enabled and will use 12 of the 12 processors detected
Info (12021): Found 2 design units, including 1 entities, in source file contadordemo.vhd
    Info (12022): Found design unit 1: ContadorDemo-Behavioral File: C:/Users/pedro/OneDrive/Documentos/UA/1 ano/2 semestre/LSD/Miniprojeto/ContadorDemo.vhd Line: 14
    Info (12023): Found entity 1: ContadorDemo File: C:/Users/pedro/OneDrive/Documentos/UA/1 ano/2 semestre/LSD/Miniprojeto/ContadorDemo.vhd Line: 5
Info (12021): Found 2 design units, including 1 entities, in source file bin7segdecoder.vhd
    Info (12022): Found design unit 1: Bin7SegDecoder-Behavioral File: C:/Users/pedro/OneDrive/Documentos/UA/1 ano/2 semestre/LSD/Miniprojeto/Bin7SegDecoder.vhd Line: 9
    Info (12023): Found entity 1: Bin7SegDecoder File: C:/Users/pedro/OneDrive/Documentos/UA/1 ano/2 semestre/LSD/Miniprojeto/Bin7SegDecoder.vhd Line: 4
Info (12021): Found 2 design units, including 1 entities, in source file freqdivider.vhd
    Info (12022): Found design unit 1: FreqDivider-Behavioral File: C:/Users/pedro/OneDrive/Documentos/UA/1 ano/2 semestre/LSD/Miniprojeto/FreqDivider.vhd Line: 12
    Info (12023): Found entity 1: FreqDivider File: C:/Users/pedro/OneDrive/Documentos/UA/1 ano/2 semestre/LSD/Miniprojeto/FreqDivider.vhd Line: 5
Info (12021): Found 2 design units, including 1 entities, in source file timern.vhd
    Info (12022): Found design unit 1: TimerN-Behavioral File: C:/Users/pedro/OneDrive/Documentos/UA/1 ano/2 semestre/LSD/Miniprojeto/TimerN.vhd Line: 19
    Info (12023): Found entity 1: TimerN File: C:/Users/pedro/OneDrive/Documentos/UA/1 ano/2 semestre/LSD/Miniprojeto/TimerN.vhd Line: 5
Info (12021): Found 2 design units, including 1 entities, in source file debounceunit.vhd
    Info (12022): Found design unit 1: DebounceUnit-Behavioral File: C:/Users/pedro/OneDrive/Documentos/UA/1 ano/2 semestre/LSD/Miniprojeto/DebounceUnit.vhd Line: 15
    Info (12023): Found entity 1: DebounceUnit File: C:/Users/pedro/OneDrive/Documentos/UA/1 ano/2 semestre/LSD/Miniprojeto/DebounceUnit.vhd Line: 5
Info (12021): Found 2 design units, including 1 entities, in source file dflipflop.vhd
    Info (12022): Found design unit 1: DFlipFlop-Behavioral File: C:/Users/pedro/OneDrive/Documentos/UA/1 ano/2 semestre/LSD/Miniprojeto/DFlipFlop.vhd Line: 13
    Info (12023): Found entity 1: DFlipFlop File: C:/Users/pedro/OneDrive/Documentos/UA/1 ano/2 semestre/LSD/Miniprojeto/DFlipFlop.vhd Line: 4
Info (12127): Elaborating entity "ContadorDemo" for the top level hierarchy
Warning (10492): VHDL Process Statement warning at ContadorDemo.vhd(65): signal "s_enable" is read inside the Process Statement but isn't in the Process Statement's sensitivity list File: C:/Users/pedro/OneDrive/Documentos/UA/1 ano/2 semestre/LSD/Miniprojeto/ContadorDemo.vhd Line: 65
Info (12129): Elaborating entity "DebounceUnit" using architecture "A:behavioral" for hierarchy "DebounceUnit:debounce_KEY0" File: C:/Users/pedro/OneDrive/Documentos/UA/1 ano/2 semestre/LSD/Miniprojeto/ContadorDemo.vhd Line: 29
Info (12128): Elaborating entity "TimerN" for hierarchy "TimerN:TimerN" File: C:/Users/pedro/OneDrive/Documentos/UA/1 ano/2 semestre/LSD/Miniprojeto/ContadorDemo.vhd Line: 83
Warning (10036): Verilog HDL or VHDL warning at TimerN.vhd(21): object "count_en" assigned a value but never read File: C:/Users/pedro/OneDrive/Documentos/UA/1 ano/2 semestre/LSD/Miniprojeto/TimerN.vhd Line: 21
Info (12128): Elaborating entity "Bin7SegDecoder" for hierarchy "Bin7SegDecoder:bin7segdecoder_inst0" File: C:/Users/pedro/OneDrive/Documentos/UA/1 ano/2 semestre/LSD/Miniprojeto/ContadorDemo.vhd Line: 95
Info (278001): Inferred 2 megafunctions from design logic
    Info (278004): Inferred divider/modulo megafunction ("lpm_divide") from the following logic: "Mod0" File: C:/Users/pedro/OneDrive/Documentos/UA/1 ano/2 semestre/LSD/Miniprojeto/ContadorDemo.vhd Line: 92
    Info (278004): Inferred divider/modulo megafunction ("lpm_divide") from the following logic: "Div0" File: C:/Users/pedro/OneDrive/Documentos/UA/1 ano/2 semestre/LSD/Miniprojeto/ContadorDemo.vhd Line: 91
Info (12130): Elaborated megafunction instantiation "lpm_divide:Mod0" File: C:/Users/pedro/OneDrive/Documentos/UA/1 ano/2 semestre/LSD/Miniprojeto/ContadorDemo.vhd Line: 92
Info (12133): Instantiated megafunction "lpm_divide:Mod0" with the following parameter: File: C:/Users/pedro/OneDrive/Documentos/UA/1 ano/2 semestre/LSD/Miniprojeto/ContadorDemo.vhd Line: 92
    Info (12134): Parameter "LPM_WIDTHN" = "4"
    Info (12134): Parameter "LPM_WIDTHD" = "4"
    Info (12134): Parameter "LPM_NREPRESENTATION" = "UNSIGNED"
    Info (12134): Parameter "LPM_DREPRESENTATION" = "UNSIGNED"
Info (12021): Found 1 design units, including 1 entities, in source file db/lpm_divide_i9m.tdf
    Info (12023): Found entity 1: lpm_divide_i9m File: C:/Users/pedro/OneDrive/Documentos/UA/1 ano/2 semestre/LSD/Miniprojeto/db/lpm_divide_i9m.tdf Line: 25
Info (12021): Found 1 design units, including 1 entities, in source file db/sign_div_unsign_7kh.tdf
    Info (12023): Found entity 1: sign_div_unsign_7kh File: C:/Users/pedro/OneDrive/Documentos/UA/1 ano/2 semestre/LSD/Miniprojeto/db/sign_div_unsign_7kh.tdf Line: 25
Info (12021): Found 1 design units, including 1 entities, in source file db/alt_u_div_24f.tdf
    Info (12023): Found entity 1: alt_u_div_24f File: C:/Users/pedro/OneDrive/Documentos/UA/1 ano/2 semestre/LSD/Miniprojeto/db/alt_u_div_24f.tdf Line: 27
Info (12021): Found 1 design units, including 1 entities, in source file db/add_sub_7pc.tdf
    Info (12023): Found entity 1: add_sub_7pc File: C:/Users/pedro/OneDrive/Documentos/UA/1 ano/2 semestre/LSD/Miniprojeto/db/add_sub_7pc.tdf Line: 23
Info (12021): Found 1 design units, including 1 entities, in source file db/add_sub_8pc.tdf
    Info (12023): Found entity 1: add_sub_8pc File: C:/Users/pedro/OneDrive/Documentos/UA/1 ano/2 semestre/LSD/Miniprojeto/db/add_sub_8pc.tdf Line: 23
Info (12130): Elaborated megafunction instantiation "lpm_divide:Div0" File: C:/Users/pedro/OneDrive/Documentos/UA/1 ano/2 semestre/LSD/Miniprojeto/ContadorDemo.vhd Line: 91
Info (12133): Instantiated megafunction "lpm_divide:Div0" with the following parameter: File: C:/Users/pedro/OneDrive/Documentos/UA/1 ano/2 semestre/LSD/Miniprojeto/ContadorDemo.vhd Line: 91
    Info (12134): Parameter "LPM_WIDTHN" = "4"
    Info (12134): Parameter "LPM_WIDTHD" = "4"
    Info (12134): Parameter "LPM_NREPRESENTATION" = "UNSIGNED"
    Info (12134): Parameter "LPM_DREPRESENTATION" = "UNSIGNED"
Info (12021): Found 1 design units, including 1 entities, in source file db/lpm_divide_fhm.tdf
    Info (12023): Found entity 1: lpm_divide_fhm File: C:/Users/pedro/OneDrive/Documentos/UA/1 ano/2 semestre/LSD/Miniprojeto/db/lpm_divide_fhm.tdf Line: 25
Warning (13024): Output pins are stuck at VCC or GND
    Warning (13410): Pin "Hex1[1]" is stuck at GND File: C:/Users/pedro/OneDrive/Documentos/UA/1 ano/2 semestre/LSD/Miniprojeto/ContadorDemo.vhd Line: 10
    Warning (13410): Pin "Hex1[2]" is stuck at GND File: C:/Users/pedro/OneDrive/Documentos/UA/1 ano/2 semestre/LSD/Miniprojeto/ContadorDemo.vhd Line: 10
    Warning (13410): Pin "Hex1[6]" is stuck at VCC File: C:/Users/pedro/OneDrive/Documentos/UA/1 ano/2 semestre/LSD/Miniprojeto/ContadorDemo.vhd Line: 10
Info (286030): Timing-Driven Synthesis is running
Info (16010): Generating hard_block partition "hard_block:auto_generated_inst"
    Info (16011): Adding 0 node(s), including 0 DDIO, 0 PLL, 0 transceiver and 0 LCELL
Info (21057): Implemented 107 device resources after synthesis - the final resource count might be different
    Info (21058): Implemented 3 input pins
    Info (21059): Implemented 14 output pins
    Info (21061): Implemented 90 logic cells
Info: Quartus Prime Analysis & Synthesis was successful. 0 errors, 7 warnings
    Info: Peak virtual memory: 4862 megabytes
    Info: Processing ended: Mon May 15 18:45:01 2023
    Info: Elapsed time: 00:00:07
    Info: Total CPU time (on all processors): 00:00:07


