\BOOKMARK [1][-]{section.1}{\376\377\000I\000n\000t\000r\000o\000d\000u\000\347\000\343\000o}{}% 1
\BOOKMARK [1][-]{section.2}{\376\377\000P\000a\000r\000t\000e\000\040\000I\000:\000\040\000F\000e\000r\000r\000a\000m\000e\000n\000t\000a\000s\000\040\000d\000e\000\040\000A\000n\000\341\000l\000i\000s\000e\000\040\000e\000\040\000Q\000u\000a\000n\000t\000i\000z\000a\000\347\000\343\000o}{}% 2
\BOOKMARK [2][-]{subsection.2.1}{\376\377\000P\000r\000o\000g\000r\000a\000m\000a\000\040\000w\000a\000v\000\137\000h\000i\000s\000t}{section.2}% 3
\BOOKMARK [3][-]{subsubsection.2.1.1}{\376\377\000C\000o\000m\000p\000i\000l\000a\000\347\000\343\000o\000,\000\040\000E\000x\000e\000c\000u\000\347\000\343\000o\000\040\000e\000\040\000V\000i\000s\000u\000a\000l\000i\000z\000a\000\347\000\343\000o}{subsection.2.1}% 4
\BOOKMARK [3][-]{subsubsection.2.1.2}{\376\377\000H\000i\000s\000t\000o\000g\000r\000a\000m\000a\000s\000\040\000c\000o\000m\000\040\000B\000i\000n\000\040\000S\000i\000z\000e\000\040\0001\000\040\000\050\000R\000e\000s\000o\000l\000u\000\347\000\343\000o\000\040\000M\000\341\000x\000i\000m\000a\000\051}{subsection.2.1}% 5
\BOOKMARK [3][-]{subsubsection.2.1.3}{\376\377\000H\000i\000s\000t\000o\000g\000r\000a\000m\000a\000s\000\040\000c\000o\000m\000\040\000B\000i\000n\000\040\000S\000i\000z\000e\000\040\0006\0004\000\040\000\050\000k\000=\0006\000\051}{subsection.2.1}% 6
\BOOKMARK [3][-]{subsubsection.2.1.4}{\376\377\000C\000a\000n\000a\000i\000s\000\040\000M\000I\000D\000\040\000e\000\040\000S\000I\000D\000E\000\040\000e\000\040\000R\000e\000c\000u\000p\000e\000r\000a\000\347\000\343\000o\000\040\000E\000x\000a\000t\000a}{subsection.2.1}% 7
\BOOKMARK [3][-]{subsubsection.2.1.5}{\376\377\000B\000i\000n\000s\000\040\000d\000e\000\040\000H\000i\000s\000t\000o\000g\000r\000a\000m\000a\000\040\000m\000a\000i\000s\000\040\000l\000a\000r\000g\000o\000s}{subsection.2.1}% 8
\BOOKMARK [2][-]{subsection.2.2}{\376\377\000P\000r\000o\000g\000r\000a\000m\000a\000\040\000w\000a\000v\000\137\000q\000u\000a\000n\000t\000\040\000\050\000Q\000u\000a\000n\000t\000i\000z\000a\000\347\000\343\000o\000\040\000U\000n\000i\000f\000o\000r\000m\000e\000\051}{section.2}% 9
\BOOKMARK [3][-]{subsubsection.2.2.1}{\376\377\000S\000i\000n\000t\000a\000x\000e\000\040\000e\000\040\000L\000\363\000g\000i\000c\000a}{subsection.2.2}% 10
\BOOKMARK [2][-]{subsection.2.3}{\376\377\000P\000r\000o\000g\000r\000a\000m\000a\000\040\000w\000a\000v\000\137\000c\000m\000p\000\040\000\050\000M\000\351\000t\000r\000i\000c\000a\000s\000\040\000d\000e\000\040\000E\000r\000r\000o\000\051}{section.2}% 11
\BOOKMARK [3][-]{subsubsection.2.3.1}{\376\377\000S\000i\000n\000t\000a\000x\000e\000\040\000e\000\040\000M\000\351\000t\000r\000i\000c\000a\000s\000\040\000d\000e\000\040\000E\000r\000r\000o}{subsection.2.3}% 12
\BOOKMARK [3][-]{subsubsection.2.3.2}{\376\377\000R\000e\000s\000u\000l\000t\000a\000d\000o\000s\000\040\000E\000x\000p\000e\000r\000i\000m\000e\000n\000t\000a\000i\000s}{subsection.2.3}% 13
\BOOKMARK [2][-]{subsection.2.4}{\376\377\000P\000r\000o\000g\000r\000a\000m\000a\000\040\000w\000a\000v\000\137\000e\000f\000f\000e\000c\000t\000s\000\040\000\050\000E\000f\000e\000i\000t\000o\000s\000\040\000d\000e\000\040\000\301\000u\000d\000i\000o\000\051}{section.2}% 14
\BOOKMARK [3][-]{subsubsection.2.4.1}{\376\377\000S\000i\000n\000t\000a\000x\000e\000\040\000e\000\040\000E\000f\000e\000i\000t\000o\000s\000\040\000I\000m\000p\000l\000e\000m\000e\000n\000t\000a\000d\000o\000s}{subsection.2.4}% 15
\BOOKMARK [1][-]{section.3}{\376\377\000P\000a\000r\000t\000e\000\040\000I\000I\000:\000\040\000C\000o\000d\000e\000c\000\040\000d\000e\000\040\000Q\000u\000a\000n\000t\000i\000z\000a\000\347\000\343\000o\000\040\000E\000s\000c\000a\000l\000a\000r\000\040\000c\000o\000m\000\040\000E\000m\000p\000a\000c\000o\000t\000a\000m\000e\000n\000t\000o\000\040\000d\000e\000\040\000B\000i\000t\000s}{}% 16
\BOOKMARK [2][-]{subsection.3.1}{\376\377\000C\000o\000d\000i\000f\000i\000c\000a\000d\000o\000r\000\040\000w\000a\000v\000\137\000q\000u\000a\000n\000t\000\137\000e\000n\000c}{section.3}% 17
\BOOKMARK [3][-]{subsubsection.3.1.1}{\376\377\000A\000l\000g\000o\000r\000i\000t\000m\000o\000\040\000d\000e\000\040\000C\000o\000d\000i\000f\000i\000c\000a\000\347\000\343\000o}{subsection.3.1}% 18
\BOOKMARK [3][-]{subsubsection.3.1.2}{\376\377\000S\000i\000n\000t\000a\000x\000e\000\040\000e\000\040\000E\000x\000e\000m\000p\000l\000o\000s}{subsection.3.1}% 19
\BOOKMARK [2][-]{subsection.3.2}{\376\377\000D\000e\000s\000c\000o\000d\000i\000f\000i\000c\000a\000d\000o\000r\000\040\000w\000a\000v\000\137\000q\000u\000a\000n\000t\000\137\000d\000e\000c}{section.3}% 20
\BOOKMARK [3][-]{subsubsection.3.2.1}{\376\377\000A\000l\000g\000o\000r\000i\000t\000m\000o\000\040\000d\000e\000\040\000D\000e\000s\000c\000o\000d\000i\000f\000i\000c\000a\000\347\000\343\000o}{subsection.3.2}% 21
\BOOKMARK [3][-]{subsubsection.3.2.2}{\376\377\000S\000i\000n\000t\000a\000x\000e\000\040\000e\000\040\000E\000x\000e\000m\000p\000l\000o\000s}{subsection.3.2}% 22
\BOOKMARK [2][-]{subsection.3.3}{\376\377\000A\000n\000\341\000l\000i\000s\000e\000\040\000d\000e\000\040\000D\000e\000s\000e\000m\000p\000e\000n\000h\000o\000\040\000e\000\040\000C\000o\000m\000p\000r\000e\000s\000s\000\343\000o}{section.3}% 23
\BOOKMARK [3][-]{subsubsection.3.3.1}{\376\377\000M\000\351\000t\000r\000i\000c\000a\000s\000\040\000d\000e\000\040\000C\000o\000m\000p\000r\000e\000s\000s\000\343\000o}{subsection.3.3}% 24
\BOOKMARK [3][-]{subsubsection.3.3.2}{\376\377\000M\000\351\000t\000r\000i\000c\000a\000s\000\040\000d\000e\000\040\000Q\000u\000a\000l\000i\000d\000a\000d\000e\000\040\000d\000e\000\040\000\301\000u\000d\000i\000o}{subsection.3.3}% 25
\BOOKMARK [3][-]{subsubsection.3.3.3}{\376\377\000A\000n\000\341\000l\000i\000s\000e\000\040\000d\000e\000\040\000T\000e\000m\000p\000o\000\040\000d\000e\000\040\000P\000r\000o\000c\000e\000s\000s\000a\000m\000e\000n\000t\000o}{subsection.3.3}% 26
\BOOKMARK [2][-]{subsection.3.4}{\376\377\000C\000o\000m\000p\000a\000r\000a\000\347\000\343\000o\000\040\000c\000o\000m\000\040\000C\000o\000d\000e\000c\000\040\000w\000a\000v\000\137\000q\000u\000a\000n\000t}{section.3}% 27
\BOOKMARK [1][-]{section.4}{\376\377\000P\000a\000r\000t\000e\000\040\000I\000I\000I\000:\000\040\000C\000o\000d\000e\000c\000\040\000d\000e\000\040\000\301\000u\000d\000i\000o\000\040\000c\000o\000m\000\040\000T\000r\000a\000n\000s\000f\000o\000r\000m\000a\000d\000a\000\040\000D\000C\000T}{}% 28
\BOOKMARK [2][-]{subsection.4.1}{\376\377\000C\000o\000d\000i\000f\000i\000c\000a\000d\000o\000r\000\040\000m\000o\000n\000o\000\137\000d\000c\000t\000\137\000e\000n\000c}{section.4}% 29
\BOOKMARK [3][-]{subsubsection.4.1.1}{\376\377\000A\000l\000g\000o\000r\000i\000t\000m\000o\000\040\000d\000e\000\040\000C\000o\000d\000i\000f\000i\000c\000a\000\347\000\343\000o}{subsection.4.1}% 30
\BOOKMARK [3][-]{subsubsection.4.1.2}{\376\377\000S\000i\000n\000t\000a\000x\000e\000\040\000e\000\040\000E\000x\000e\000m\000p\000l\000o\000s}{subsection.4.1}% 31
\BOOKMARK [2][-]{subsection.4.2}{\376\377\000D\000e\000s\000c\000o\000d\000i\000f\000i\000c\000a\000d\000o\000r\000\040\000m\000o\000n\000o\000\137\000d\000c\000t\000\137\000d\000e\000c}{section.4}% 32
\BOOKMARK [3][-]{subsubsection.4.2.1}{\376\377\000A\000l\000g\000o\000r\000i\000t\000m\000o\000\040\000d\000e\000\040\000D\000e\000s\000c\000o\000d\000i\000f\000i\000c\000a\000\347\000\343\000o}{subsection.4.2}% 33
\BOOKMARK [2][-]{subsection.4.3}{\376\377\000A\000n\000\341\000l\000i\000s\000e\000\040\000d\000e\000\040\000D\000e\000s\000e\000m\000p\000e\000n\000h\000o\000\040\000e\000\040\000C\000o\000m\000p\000r\000e\000s\000s\000\343\000o}{section.4}% 34
\BOOKMARK [3][-]{subsubsection.4.3.1}{\376\377\000M\000\351\000t\000r\000i\000c\000a\000s\000\040\000d\000e\000\040\000C\000o\000m\000p\000r\000e\000s\000s\000\343\000o}{subsection.4.3}% 35
\BOOKMARK [3][-]{subsubsection.4.3.2}{\376\377\000M\000\351\000t\000r\000i\000c\000a\000s\000\040\000d\000e\000\040\000Q\000u\000a\000l\000i\000d\000a\000d\000e\000\040\000d\000e\000\040\000\301\000u\000d\000i\000o}{subsection.4.3}% 36
\BOOKMARK [3][-]{subsubsection.4.3.3}{\376\377\000A\000n\000\341\000l\000i\000s\000e\000\040\000d\000e\000\040\000T\000e\000m\000p\000o\000\040\000d\000e\000\040\000P\000r\000o\000c\000e\000s\000s\000a\000m\000e\000n\000t\000o}{subsection.4.3}% 37
\BOOKMARK [1][-]{section.5}{\376\377\000A\000n\000\341\000l\000i\000s\000e\000\040\000E\000x\000t\000r\000a\000:\000\040\000E\000s\000t\000u\000d\000o\000\040\000d\000o\000\040\000S\000i\000n\000a\000l\000\040\000d\000e\000\040\000E\000r\000r\000o}{}% 38
\BOOKMARK [2][-]{subsection.5.1}{\376\377\000P\000r\000o\000g\000r\000a\000m\000a\000\040\000w\000a\000v\000\137\000e\000r\000r\000o\000r}{section.5}% 39
\BOOKMARK [3][-]{subsubsection.5.1.1}{\376\377\000F\000u\000n\000c\000i\000o\000n\000a\000l\000i\000d\000a\000d\000e\000\040\000e\000\040\000U\000t\000i\000l\000i\000z\000a\000\347\000\343\000o}{subsection.5.1}% 40
\BOOKMARK [2][-]{subsection.5.2}{\376\377\000A\000n\000\341\000l\000i\000s\000e\000\040\000C\000o\000m\000p\000a\000r\000a\000t\000i\000v\000a\000\040\000d\000o\000s\000\040\000H\000i\000s\000t\000o\000g\000r\000a\000m\000a\000s\000\040\000d\000e\000\040\000E\000r\000r\000o}{section.5}% 41
\BOOKMARK [3][-]{subsubsection.5.2.1}{\376\377\000E\000r\000r\000o\000\040\000d\000e\000\040\000Q\000u\000a\000n\000t\000i\000z\000a\000\347\000\343\000o\000\040\000U\000n\000i\000f\000o\000r\000m\000e\000\040\000\050\0004\000\040\000b\000i\000t\000s\000\040\000v\000s\000.\000\040\0008\000\040\000b\000i\000t\000s\000\051}{subsection.5.2}% 42
\BOOKMARK [3][-]{subsubsection.5.2.2}{\376\377\000E\000r\000r\000o\000\040\000d\000e\000\040\000Q\000u\000a\000n\000t\000i\000z\000a\000\347\000\343\000o\000\040\000n\000o\000\040\000C\000a\000n\000a\000l\000\040\000M\000I\000D\000\040\000\050\0004\000\040\000b\000i\000t\000s\000\040\000v\000s\000.\000\040\0008\000\040\000b\000i\000t\000s\000\051}{subsection.5.2}% 43
\BOOKMARK [3][-]{subsubsection.5.2.3}{\376\377\000E\000r\000r\000o\000\040\000d\000e\000\040\000C\000o\000m\000p\000r\000e\000s\000s\000\343\000o\000\040\000D\000C\000T\000\040\000\050\0004\000\040\000b\000i\000t\000s\000\040\000v\000s\000.\000\040\0008\000\040\000b\000i\000t\000s\000\051}{subsection.5.2}% 44
\BOOKMARK [3][-]{subsubsection.5.2.4}{\376\377\000C\000o\000m\000p\000a\000r\000a\000\347\000\343\000o\000\040\000D\000i\000r\000e\000t\000a\000:\000\040\000Q\000u\000a\000n\000t\000i\000z\000a\000\347\000\343\000o\000\040\000U\000n\000i\000f\000o\000r\000m\000e\000\040\000v\000s\000.\000\040\000C\000o\000m\000p\000r\000e\000s\000s\000\343\000o\000\040\000D\000C\000T}{subsection.5.2}% 45
\BOOKMARK [1][-]{section.6}{\376\377\000C\000o\000n\000c\000l\000u\000s\000\365\000e\000s}{}% 46
