Analysis & Synthesis report for ControloRadiador
Sat Jun 10 14:34:43 2023
Quartus Prime Version 20.1.1 Build 720 11/11/2020 SJ Lite Edition


---------------------
; Table of Contents ;
---------------------
  1. Legal Notice
  2. Analysis & Synthesis Summary
  3. Analysis & Synthesis Settings
  4. Parallel Compilation
  5. Analysis & Synthesis Source Files Read
  6. Analysis & Synthesis Resource Usage Summary
  7. Analysis & Synthesis Resource Utilization by Entity
  8. General Register Statistics
  9. Inverted Register Statistics
 10. Multiplexer Restructuring Statistics (Restructuring Performed)
 11. Post-Synthesis Netlist Statistics for Top Partition
 12. Elapsed Time Per Partition
 13. Analysis & Synthesis Messages



----------------
; Legal Notice ;
----------------
Copyright (C) 2020  Intel Corporation. All rights reserved.
Your use of Intel Corporation's design tools, logic functions 
and other software and tools, and any partner logic 
functions, and any output files from any of the foregoing 
(including device programming or simulation files), and any 
associated documentation or information are expressly subject 
to the terms and conditions of the Intel Program License 
Subscription Agreement, the Intel Quartus Prime License Agreement,
the Intel FPGA IP License Agreement, or other applicable license
agreement, including, without limitation, that your use is for
the sole purpose of programming logic devices manufactured by
Intel and sold by Intel or its authorized distributors.  Please
refer to the applicable agreement for further details, at
https://fpgasoftware.intel.com/eula.



+----------------------------------------------------------------------------------+
; Analysis & Synthesis Summary                                                     ;
+------------------------------------+---------------------------------------------+
; Analysis & Synthesis Status        ; Successful - Sat Jun 10 14:34:43 2023       ;
; Quartus Prime Version              ; 20.1.1 Build 720 11/11/2020 SJ Lite Edition ;
; Revision Name                      ; ControloRadiador                            ;
; Top-level Entity Name              ; SimulAmbiente                               ;
; Family                             ; Cyclone IV E                                ;
; Total logic elements               ; 57                                          ;
;     Total combinational functions  ; 48                                          ;
;     Dedicated logic registers      ; 24                                          ;
; Total registers                    ; 24                                          ;
; Total pins                         ; 15                                          ;
; Total virtual pins                 ; 0                                           ;
; Total memory bits                  ; 0                                           ;
; Embedded Multiplier 9-bit elements ; 0                                           ;
; Total PLLs                         ; 0                                           ;
+------------------------------------+---------------------------------------------+


+------------------------------------------------------------------------------------------------------------+
; Analysis & Synthesis Settings                                                                              ;
+------------------------------------------------------------------+--------------------+--------------------+
; Option                                                           ; Setting            ; Default Value      ;
+------------------------------------------------------------------+--------------------+--------------------+
; Device                                                           ; EP4CE115F29C7      ;                    ;
; Top-level entity name                                            ; SimulAmbiente      ; ControloRadiador   ;
; Family name                                                      ; Cyclone IV E       ; Cyclone V          ;
; Use smart compilation                                            ; Off                ; Off                ;
; Enable parallel Assembler and Timing Analyzer during compilation ; On                 ; On                 ;
; Enable compact report table                                      ; Off                ; Off                ;
; Restructure Multiplexers                                         ; Auto               ; Auto               ;
; Create Debugging Nodes for IP Cores                              ; Off                ; Off                ;
; Preserve fewer node names                                        ; On                 ; On                 ;
; Intel FPGA IP Evaluation Mode                                    ; Enable             ; Enable             ;
; Verilog Version                                                  ; Verilog_2001       ; Verilog_2001       ;
; VHDL Version                                                     ; VHDL_1993          ; VHDL_1993          ;
; State Machine Processing                                         ; Auto               ; Auto               ;
; Safe State Machine                                               ; Off                ; Off                ;
; Extract Verilog State Machines                                   ; On                 ; On                 ;
; Extract VHDL State Machines                                      ; On                 ; On                 ;
; Ignore Verilog initial constructs                                ; Off                ; Off                ;
; Iteration limit for constant Verilog loops                       ; 5000               ; 5000               ;
; Iteration limit for non-constant Verilog loops                   ; 250                ; 250                ;
; Add Pass-Through Logic to Inferred RAMs                          ; On                 ; On                 ;
; Infer RAMs from Raw Logic                                        ; On                 ; On                 ;
; Parallel Synthesis                                               ; On                 ; On                 ;
; DSP Block Balancing                                              ; Auto               ; Auto               ;
; NOT Gate Push-Back                                               ; On                 ; On                 ;
; Power-Up Don't Care                                              ; On                 ; On                 ;
; Remove Redundant Logic Cells                                     ; Off                ; Off                ;
; Remove Duplicate Registers                                       ; On                 ; On                 ;
; Ignore CARRY Buffers                                             ; Off                ; Off                ;
; Ignore CASCADE Buffers                                           ; Off                ; Off                ;
; Ignore GLOBAL Buffers                                            ; Off                ; Off                ;
; Ignore ROW GLOBAL Buffers                                        ; Off                ; Off                ;
; Ignore LCELL Buffers                                             ; Off                ; Off                ;
; Ignore SOFT Buffers                                              ; On                 ; On                 ;
; Limit AHDL Integers to 32 Bits                                   ; Off                ; Off                ;
; Optimization Technique                                           ; Balanced           ; Balanced           ;
; Carry Chain Length                                               ; 70                 ; 70                 ;
; Auto Carry Chains                                                ; On                 ; On                 ;
; Auto Open-Drain Pins                                             ; On                 ; On                 ;
; Perform WYSIWYG Primitive Resynthesis                            ; Off                ; Off                ;
; Auto ROM Replacement                                             ; On                 ; On                 ;
; Auto RAM Replacement                                             ; On                 ; On                 ;
; Auto DSP Block Replacement                                       ; On                 ; On                 ;
; Auto Shift Register Replacement                                  ; Auto               ; Auto               ;
; Allow Shift Register Merging across Hierarchies                  ; Auto               ; Auto               ;
; Auto Clock Enable Replacement                                    ; On                 ; On                 ;
; Strict RAM Replacement                                           ; Off                ; Off                ;
; Allow Synchronous Control Signals                                ; On                 ; On                 ;
; Force Use of Synchronous Clear Signals                           ; Off                ; Off                ;
; Auto RAM Block Balancing                                         ; On                 ; On                 ;
; Auto RAM to Logic Cell Conversion                                ; Off                ; Off                ;
; Auto Resource Sharing                                            ; Off                ; Off                ;
; Allow Any RAM Size For Recognition                               ; Off                ; Off                ;
; Allow Any ROM Size For Recognition                               ; Off                ; Off                ;
; Allow Any Shift Register Size For Recognition                    ; Off                ; Off                ;
; Use LogicLock Constraints during Resource Balancing              ; On                 ; On                 ;
; Ignore translate_off and synthesis_off directives                ; Off                ; Off                ;
; Timing-Driven Synthesis                                          ; On                 ; On                 ;
; Report Parameter Settings                                        ; On                 ; On                 ;
; Report Source Assignments                                        ; On                 ; On                 ;
; Report Connectivity Checks                                       ; On                 ; On                 ;
; Ignore Maximum Fan-Out Assignments                               ; Off                ; Off                ;
; Synchronization Register Chain Length                            ; 2                  ; 2                  ;
; Power Optimization During Synthesis                              ; Normal compilation ; Normal compilation ;
; HDL message level                                                ; Level2             ; Level2             ;
; Suppress Register Optimization Related Messages                  ; Off                ; Off                ;
; Number of Removed Registers Reported in Synthesis Report         ; 5000               ; 5000               ;
; Number of Swept Nodes Reported in Synthesis Report               ; 5000               ; 5000               ;
; Number of Inverted Registers Reported in Synthesis Report        ; 100                ; 100                ;
; Clock MUX Protection                                             ; On                 ; On                 ;
; Auto Gated Clock Conversion                                      ; Off                ; Off                ;
; Block Design Naming                                              ; Auto               ; Auto               ;
; SDC constraint protection                                        ; Off                ; Off                ;
; Synthesis Effort                                                 ; Auto               ; Auto               ;
; Shift Register Replacement - Allow Asynchronous Clear Signal     ; On                 ; On                 ;
; Pre-Mapping Resynthesis Optimization                             ; Off                ; Off                ;
; Analysis & Synthesis Message Level                               ; Medium             ; Medium             ;
; Disable Register Merging Across Hierarchies                      ; Auto               ; Auto               ;
; Resource Aware Inference For Block RAM                           ; On                 ; On                 ;
+------------------------------------------------------------------+--------------------+--------------------+


+------------------------------------------+
; Parallel Compilation                     ;
+----------------------------+-------------+
; Processors                 ; Number      ;
+----------------------------+-------------+
; Number detected on machine ; 12          ;
; Maximum allowed            ; 12          ;
;                            ;             ;
; Average used               ; 1.00        ;
; Maximum used               ; 12          ;
;                            ;             ;
; Usage by Processor         ; % Time Used ;
;     Processor 1            ; 100.0%      ;
;     Processors 2-12        ;   0.0%      ;
+----------------------------+-------------+


+---------------------------------------------------------------------------------------------------------------------------------------------------------------------------------------+
; Analysis & Synthesis Source Files Read                                                                                                                                                ;
+----------------------------------+-----------------+-----------------+------------------------------------------------------------------------------------------------------+---------+
; File Name with User-Entered Path ; Used in Netlist ; File Type       ; File Name with Absolute Path                                                                         ; Library ;
+----------------------------------+-----------------+-----------------+------------------------------------------------------------------------------------------------------+---------+
; SimulAmbiente.vhd                ; yes             ; User VHDL File  ; C:/Users/pedro/OneDrive/Documentos/UA/1 ano/2 semestre/LSD/Projeto/Projeto/projeto/SimulAmbiente.vhd ;         ;
+----------------------------------+-----------------+-----------------+------------------------------------------------------------------------------------------------------+---------+


+---------------------------------------------------------+
; Analysis & Synthesis Resource Usage Summary             ;
+---------------------------------------------+-----------+
; Resource                                    ; Usage     ;
+---------------------------------------------+-----------+
; Estimated Total logic elements              ; 57        ;
;                                             ;           ;
; Total combinational functions               ; 48        ;
; Logic element usage by number of LUT inputs ;           ;
;     -- 4 input functions                    ; 18        ;
;     -- 3 input functions                    ; 3         ;
;     -- <=2 input functions                  ; 27        ;
;                                             ;           ;
; Logic elements by mode                      ;           ;
;     -- normal mode                          ; 26        ;
;     -- arithmetic mode                      ; 22        ;
;                                             ;           ;
; Total registers                             ; 24        ;
;     -- Dedicated logic registers            ; 24        ;
;     -- I/O registers                        ; 0         ;
;                                             ;           ;
; I/O pins                                    ; 15        ;
;                                             ;           ;
; Embedded Multiplier 9-bit elements          ; 0         ;
;                                             ;           ;
; Maximum fan-out node                        ; clk~input ;
; Maximum fan-out                             ; 24        ;
; Total fan-out                               ; 217       ;
; Average fan-out                             ; 2.13      ;
+---------------------------------------------+-----------+


+------------------------------------------------------------------------------------------------------------------------------------------------------------------------------------------------------------+
; Analysis & Synthesis Resource Utilization by Entity                                                                                                                                                        ;
+----------------------------+---------------------+---------------------------+-------------+--------------+---------+-----------+------+--------------+---------------------+---------------+--------------+
; Compilation Hierarchy Node ; Combinational ALUTs ; Dedicated Logic Registers ; Memory Bits ; DSP Elements ; DSP 9x9 ; DSP 18x18 ; Pins ; Virtual Pins ; Full Hierarchy Name ; Entity Name   ; Library Name ;
+----------------------------+---------------------+---------------------------+-------------+--------------+---------+-----------+------+--------------+---------------------+---------------+--------------+
; |SimulAmbiente             ; 48 (48)             ; 24 (24)                   ; 0           ; 0            ; 0       ; 0         ; 15   ; 0            ; |SimulAmbiente      ; SimulAmbiente ; work         ;
+----------------------------+---------------------+---------------------------+-------------+--------------+---------+-----------+------+--------------+---------------------+---------------+--------------+
Note: For table entries with two numbers listed, the numbers in parentheses indicate the number of resources of the given type used by the specific entity alone. The numbers listed outside of parentheses indicate the total resources of the given type used by the specific entity and all of its sub-entities in the hierarchy.


+------------------------------------------------------+
; General Register Statistics                          ;
+----------------------------------------------+-------+
; Statistic                                    ; Value ;
+----------------------------------------------+-------+
; Total registers                              ; 24    ;
; Number of registers using Synchronous Clear  ; 0     ;
; Number of registers using Synchronous Load   ; 0     ;
; Number of registers using Asynchronous Clear ; 0     ;
; Number of registers using Asynchronous Load  ; 0     ;
; Number of registers using Clock Enable       ; 12    ;
; Number of registers using Preset             ; 0     ;
+----------------------------------------------+-------+


+--------------------------------------------------+
; Inverted Register Statistics                     ;
+----------------------------------------+---------+
; Inverted Register                      ; Fan out ;
+----------------------------------------+---------+
; counter_int[2]                         ; 5       ;
; counter_int[5]                         ; 5       ;
; counter_int[6]                         ; 5       ;
; Total number of inverted registers = 3 ;         ;
+----------------------------------------+---------+


+---------------------------------------------------------------------------------------------------------------------------------------------+
; Multiplexer Restructuring Statistics (Restructuring Performed)                                                                              ;
+--------------------+-----------+---------------+----------------------+------------------------+------------+-------------------------------+
; Multiplexer Inputs ; Bus Width ; Baseline Area ; Area if Restructured ; Saving if Restructured ; Registered ; Example Multiplexer Output    ;
+--------------------+-----------+---------------+----------------------+------------------------+------------+-------------------------------+
; 4:1                ; 9 bits    ; 18 LEs        ; 18 LEs               ; 0 LEs                  ; Yes        ; |SimulAmbiente|counter_int[0] ;
; 4:1                ; 3 bits    ; 6 LEs         ; 6 LEs                ; 0 LEs                  ; Yes        ; |SimulAmbiente|counter_int[2] ;
+--------------------+-----------+---------------+----------------------+------------------------+------------+-------------------------------+


+-----------------------------------------------------+
; Post-Synthesis Netlist Statistics for Top Partition ;
+-----------------------+-----------------------------+
; Type                  ; Count                       ;
+-----------------------+-----------------------------+
; boundary_port         ; 15                          ;
; cycloneiii_ff         ; 24                          ;
;     ENA               ; 12                          ;
;     plain             ; 12                          ;
; cycloneiii_lcell_comb ; 48                          ;
;     arith             ; 22                          ;
;         2 data inputs ; 22                          ;
;     normal            ; 26                          ;
;         1 data inputs ; 5                           ;
;         3 data inputs ; 3                           ;
;         4 data inputs ; 18                          ;
;                       ;                             ;
; Max LUT depth         ; 4.00                        ;
; Average LUT depth     ; 2.75                        ;
+-----------------------+-----------------------------+


+-------------------------------+
; Elapsed Time Per Partition    ;
+----------------+--------------+
; Partition Name ; Elapsed Time ;
+----------------+--------------+
; Top            ; 00:00:00     ;
+----------------+--------------+


+-------------------------------+
; Analysis & Synthesis Messages ;
+-------------------------------+
Info: *******************************************************************
Info: Running Quartus Prime Analysis & Synthesis
    Info: Version 20.1.1 Build 720 11/11/2020 SJ Lite Edition
    Info: Processing started: Sat Jun 10 14:34:31 2023
Info: Command: quartus_map --read_settings_files=on --write_settings_files=off ControloRadiador -c ControloRadiador
Warning (18236): Number of processors has not been specified which may cause overloading on shared machines.  Set the global assignment NUM_PARALLEL_PROCESSORS in your QSF to an appropriate value for best performance.
Info (20030): Parallel compilation is enabled and will use 12 of the 12 processors detected
Info (12021): Found 1 design units, including 1 entities, in source file controloradiador_bdf.bdf
    Info (12023): Found entity 1: ControloRadiador_bdf
Info (12021): Found 2 design units, including 1 entities, in source file simulambiente.vhd
    Info (12022): Found design unit 1: SimulAmbiente-Behavioral File: C:/Users/pedro/OneDrive/Documentos/UA/1 ano/2 semestre/LSD/Projeto/Projeto/projeto/SimulAmbiente.vhd Line: 14
    Info (12023): Found entity 1: SimulAmbiente File: C:/Users/pedro/OneDrive/Documentos/UA/1 ano/2 semestre/LSD/Projeto/Projeto/projeto/SimulAmbiente.vhd Line: 5
Info (12021): Found 2 design units, including 1 entities, in source file processarbotao.vhd
    Info (12022): Found design unit 1: ProcessarBotao-Behavioral File: C:/Users/pedro/OneDrive/Documentos/UA/1 ano/2 semestre/LSD/Projeto/Projeto/projeto/ProcessarBotao.vhd Line: 14
    Info (12023): Found entity 1: ProcessarBotao File: C:/Users/pedro/OneDrive/Documentos/UA/1 ano/2 semestre/LSD/Projeto/Projeto/projeto/ProcessarBotao.vhd Line: 4
Info (12021): Found 2 design units, including 1 entities, in source file controloradiador.vhd
    Info (12022): Found design unit 1: ControloRadiador-Structural File: C:/Users/pedro/OneDrive/Documentos/UA/1 ano/2 semestre/LSD/Projeto/Projeto/projeto/ControloRadiador.vhd Line: 16
    Info (12023): Found entity 1: ControloRadiador File: C:/Users/pedro/OneDrive/Documentos/UA/1 ano/2 semestre/LSD/Projeto/Projeto/projeto/ControloRadiador.vhd Line: 4
Info (12021): Found 2 design units, including 1 entities, in source file debounceunit.vhd
    Info (12022): Found design unit 1: DebounceUnit-Behavioral File: C:/Users/pedro/OneDrive/Documentos/UA/1 ano/2 semestre/LSD/Projeto/Projeto/projeto/DebounceUnit.vhd Line: 15
    Info (12023): Found entity 1: DebounceUnit File: C:/Users/pedro/OneDrive/Documentos/UA/1 ano/2 semestre/LSD/Projeto/Projeto/projeto/DebounceUnit.vhd Line: 5
Info (12021): Found 2 design units, including 1 entities, in source file controlunit.vhd
    Info (12022): Found design unit 1: ControlUnit-Behavioral File: C:/Users/pedro/OneDrive/Documentos/UA/1 ano/2 semestre/LSD/Projeto/Projeto/projeto/ControlUnit.vhd Line: 13
    Info (12023): Found entity 1: ControlUnit File: C:/Users/pedro/OneDrive/Documentos/UA/1 ano/2 semestre/LSD/Projeto/Projeto/projeto/ControlUnit.vhd Line: 4
Info (12021): Found 2 design units, including 1 entities, in source file pulse_generator.vhd
    Info (12022): Found design unit 1: Pulse_Generator-Behavioral File: C:/Users/pedro/OneDrive/Documentos/UA/1 ano/2 semestre/LSD/Projeto/Projeto/projeto/Pulse_Generator.vhd Line: 13
    Info (12023): Found entity 1: Pulse_Generator File: C:/Users/pedro/OneDrive/Documentos/UA/1 ano/2 semestre/LSD/Projeto/Projeto/projeto/Pulse_Generator.vhd Line: 5
Info (12021): Found 2 design units, including 1 entities, in source file programahorario.vhd
    Info (12022): Found design unit 1: ProgramaHorario-Behavioral File: C:/Users/pedro/OneDrive/Documentos/UA/1 ano/2 semestre/LSD/Projeto/Projeto/projeto/ProgramaHorario.vhd Line: 15
    Info (12023): Found entity 1: ProgramaHorario File: C:/Users/pedro/OneDrive/Documentos/UA/1 ano/2 semestre/LSD/Projeto/Projeto/projeto/ProgramaHorario.vhd Line: 5
Info (12021): Found 2 design units, including 1 entities, in source file relogio.vhd
    Info (12022): Found design unit 1: Relogio-Behavioral File: C:/Users/pedro/OneDrive/Documentos/UA/1 ano/2 semestre/LSD/Projeto/Projeto/projeto/Relogio.vhd Line: 18
    Info (12023): Found entity 1: Relogio File: C:/Users/pedro/OneDrive/Documentos/UA/1 ano/2 semestre/LSD/Projeto/Projeto/projeto/Relogio.vhd Line: 5
Info (12021): Found 2 design units, including 1 entities, in source file mux3para1.vhd
    Info (12022): Found design unit 1: Mux3para1-Behavioral File: C:/Users/pedro/OneDrive/Documentos/UA/1 ano/2 semestre/LSD/Projeto/Projeto/projeto/Mux3para1.vhd Line: 12
    Info (12023): Found entity 1: Mux3para1 File: C:/Users/pedro/OneDrive/Documentos/UA/1 ano/2 semestre/LSD/Projeto/Projeto/projeto/Mux3para1.vhd Line: 4
Info (12021): Found 2 design units, including 1 entities, in source file controlonoff.vhd
    Info (12022): Found design unit 1: ControlOnOff-Behavioral File: C:/Users/pedro/OneDrive/Documentos/UA/1 ano/2 semestre/LSD/Projeto/Projeto/projeto/ControlOnOff.vhd Line: 14
    Info (12023): Found entity 1: ControlOnOff File: C:/Users/pedro/OneDrive/Documentos/UA/1 ano/2 semestre/LSD/Projeto/Projeto/projeto/ControlOnOff.vhd Line: 5
Info (12021): Found 2 design units, including 1 entities, in source file configendreco.vhd
    Info (12022): Found design unit 1: ConfigEndreco-Behavioral File: C:/Users/pedro/OneDrive/Documentos/UA/1 ano/2 semestre/LSD/Projeto/Projeto/projeto/ConfigEndreco.vhd Line: 16
    Info (12023): Found entity 1: ConfigEndreco File: C:/Users/pedro/OneDrive/Documentos/UA/1 ano/2 semestre/LSD/Projeto/Projeto/projeto/ConfigEndreco.vhd Line: 5
Info (12021): Found 2 design units, including 1 entities, in source file bin7segdecoder.vhd
    Info (12022): Found design unit 1: Bin7SegDecoder-Behavioral File: C:/Users/pedro/OneDrive/Documentos/UA/1 ano/2 semestre/LSD/Projeto/Projeto/projeto/Bin7SegDecoder.vhd Line: 10
    Info (12023): Found entity 1: Bin7SegDecoder File: C:/Users/pedro/OneDrive/Documentos/UA/1 ano/2 semestre/LSD/Projeto/Projeto/projeto/Bin7SegDecoder.vhd Line: 4
Info (12021): Found 2 design units, including 1 entities, in source file simulambiente_tb.vhd
    Info (12022): Found design unit 1: SimulAmbiente_TB-Behavioral File: C:/Users/pedro/OneDrive/Documentos/UA/1 ano/2 semestre/LSD/Projeto/Projeto/projeto/SimulAmbiente_TB.vhd Line: 8
    Info (12023): Found entity 1: SimulAmbiente_TB File: C:/Users/pedro/OneDrive/Documentos/UA/1 ano/2 semestre/LSD/Projeto/Projeto/projeto/SimulAmbiente_TB.vhd Line: 5
Info (12021): Found 2 design units, including 1 entities, in source file tempodisplay.vhd
    Info (12022): Found design unit 1: TempoDisplay-Behavioral File: C:/Users/pedro/OneDrive/Documentos/UA/1 ano/2 semestre/LSD/Projeto/Projeto/projeto/TempoDisplay.vhd Line: 15
    Info (12023): Found entity 1: TempoDisplay File: C:/Users/pedro/OneDrive/Documentos/UA/1 ano/2 semestre/LSD/Projeto/Projeto/projeto/TempoDisplay.vhd Line: 5
Info (12021): Found 2 design units, including 1 entities, in source file temperaturadisplay.vhd
    Info (12022): Found design unit 1: TemperaturaDisplay-Behavioral File: C:/Users/pedro/OneDrive/Documentos/UA/1 ano/2 semestre/LSD/Projeto/Projeto/projeto/TemperaturaDisplay.vhd Line: 16
    Info (12023): Found entity 1: TemperaturaDisplay File: C:/Users/pedro/OneDrive/Documentos/UA/1 ano/2 semestre/LSD/Projeto/Projeto/projeto/TemperaturaDisplay.vhd Line: 5
Info (12021): Found 2 design units, including 1 entities, in source file tratamentobotoes.vhd
    Info (12022): Found design unit 1: TratamentoBotoes-Behavioral File: C:/Users/pedro/OneDrive/Documentos/UA/1 ano/2 semestre/LSD/Projeto/Projeto/projeto/TratamentoBotoes.vhd Line: 13
    Info (12023): Found entity 1: TratamentoBotoes File: C:/Users/pedro/OneDrive/Documentos/UA/1 ano/2 semestre/LSD/Projeto/Projeto/projeto/TratamentoBotoes.vhd Line: 4
Info (12021): Found 2 design units, including 1 entities, in source file controlunit_tb.vhd
    Info (12022): Found design unit 1: ControlUnit_TB-Behavior File: C:/Users/pedro/OneDrive/Documentos/UA/1 ano/2 semestre/LSD/Projeto/Projeto/projeto/ControlUnit_TB.vhd Line: 7
    Info (12023): Found entity 1: ControlUnit_TB File: C:/Users/pedro/OneDrive/Documentos/UA/1 ano/2 semestre/LSD/Projeto/Projeto/projeto/ControlUnit_TB.vhd Line: 4
Info (12021): Found 2 design units, including 1 entities, in source file relogio_tb.vhd
    Info (12022): Found design unit 1: Relogio_TB-Behavioral File: C:/Users/pedro/OneDrive/Documentos/UA/1 ano/2 semestre/LSD/Projeto/Projeto/projeto/Relogio_TB.vhd Line: 8
    Info (12023): Found entity 1: Relogio_TB File: C:/Users/pedro/OneDrive/Documentos/UA/1 ano/2 semestre/LSD/Projeto/Projeto/projeto/Relogio_TB.vhd Line: 5
Info (12127): Elaborating entity "SimulAmbiente" for the top level hierarchy
Info (286030): Timing-Driven Synthesis is running
Info (16010): Generating hard_block partition "hard_block:auto_generated_inst"
    Info (16011): Adding 0 node(s), including 0 DDIO, 0 PLL, 0 transceiver and 0 LCELL
Info (21057): Implemented 72 device resources after synthesis - the final resource count might be different
    Info (21058): Implemented 3 input pins
    Info (21059): Implemented 12 output pins
    Info (21061): Implemented 57 logic cells
Info: Quartus Prime Analysis & Synthesis was successful. 0 errors, 1 warning
    Info: Peak virtual memory: 4846 megabytes
    Info: Processing ended: Sat Jun 10 14:34:43 2023
    Info: Elapsed time: 00:00:12
    Info: Total CPU time (on all processors): 00:00:11


